<?xml version="1.0" encoding="UTF-8"?>
<testsuite name="com.bl.MoodAnalyserTest" tests="1" skipped="0" failures="0" errors="0" timestamp="2020-04-25T13:27:20" hostname="SHIVAM-PC" time="0.01">
  <properties/>
  <testcase name="givenMethodName_WhenImProper_ShouldReturnMood" classname="com.bl.MoodAnalyserTest" time="0.01"/>
  <system-out><![CDATA[]]></system-out>
  <system-err><![CDATA[]]></system-err>
</testsuite>
