<?xml version="1.0" encoding="UTF-8"?>
<testsuite name="com.bl.MoodAnalyserTest" tests="2" skipped="0" failures="0" errors="0" timestamp="2020-04-22T15:21:14" hostname="SHIVAM-PC" time="0.01">
  <properties/>
  <testcase name="whenNotGiveMessage_ReturnsSad" classname="com.bl.MoodAnalyserTest" time="0.008"/>
  <testcase name="whenGivenMessage_WhenSad_ReturnsSad" classname="com.bl.MoodAnalyserTest" time="0.0"/>
  <system-out><![CDATA[]]></system-out>
  <system-err><![CDATA[]]></system-err>
</testsuite>
