<?xml version="1.0" encoding="UTF-8"?>
<testsuite name="com.bl.MoodAnalyserTest" tests="1" skipped="0" failures="0" errors="0" timestamp="2020-04-23T07:19:49" hostname="SHIVAM-PC" time="0.025">
  <properties/>
  <testcase name="whenGivenNull_ShouldReturnExceptionMessage" classname="com.bl.MoodAnalyserTest" time="0.025"/>
  <system-out><![CDATA[]]></system-out>
  <system-err><![CDATA[]]></system-err>
</testsuite>
