<?xml version="1.0" encoding="UTF-8"?>
<testsuite name="com.bl.MoodAnalyserTest" tests="1" skipped="0" failures="0" errors="0" timestamp="2020-04-24T14:49:51" hostname="SHIVAM-PC" time="0.035">
  <properties/>
  <testcase name="givenClassName_WhenImProper_ShouldReturnException" classname="com.bl.MoodAnalyserTest" time="0.035"/>
  <system-out><![CDATA[]]></system-out>
  <system-err><![CDATA[]]></system-err>
</testsuite>
