<?xml version="1.0" encoding="UTF-8"?>
<testsuite name="com.bl.MoodAnalyserTest" tests="16" skipped="0" failures="0" errors="0" timestamp="2020-04-25T13:50:45" hostname="SHIVAM-PC" time="0.123">
  <properties/>
  <testcase name="givenVariableName_WhenMessageNull_ShouldReturnMood" classname="com.bl.MoodAnalyserTest" time="0.08"/>
  <testcase name="givenMethodName_WhenImProper_ShouldReturnMood" classname="com.bl.MoodAnalyserTest" time="0.001"/>
  <testcase name="whenGivenMessageInConstructor_WhenSHappy_ReturnsHappy" classname="com.bl.MoodAnalyserTest" time="0.001"/>
  <testcase name="givenClassName_WhenImProper_ShouldReturnException" classname="com.bl.MoodAnalyserTest" time="0.003"/>
  <testcase name="whenGivenNull_ShouldReturnExceptionMessage" classname="com.bl.MoodAnalyserTest" time="0.0"/>
  <testcase name="givenMethodParameter_WhenProper_ShouldReturnException" classname="com.bl.MoodAnalyserTest" time="0.001"/>
  <testcase name="whenGivenMessage_WhenAny_ReturnsHappy" classname="com.bl.MoodAnalyserTest" time="0.0"/>
  <testcase name="whenGivenEmpty_ShouldReturnExceptionMessage" classname="com.bl.MoodAnalyserTest" time="0.001"/>
  <testcase name="whenGivenMessageInConstructor_WhenSad_ReturnsSad" classname="com.bl.MoodAnalyserTest" time="0.001"/>
  <testcase name="givenVariableName_WhenProper_ShouldReturnMood" classname="com.bl.MoodAnalyserTest" time="0.001"/>
  <testcase name="givenMethodName_WhenProper_ShouldReturnMood" classname="com.bl.MoodAnalyserTest" time="0.0"/>
  <testcase name="givenMoodAnalyserMessage_WhenProper_ShouldReturnObject" classname="com.bl.MoodAnalyserTest" time="0.001"/>
  <testcase name="whenGivenMessage_WhenSad_ReturnsSad" classname="com.bl.MoodAnalyserTest" time="0.001"/>
  <testcase name="givenVariableName_WhenImProper_ShouldReturnMood" classname="com.bl.MoodAnalyserTest" time="0.001"/>
  <testcase name="givenClassName_WhenProper_ShouldReturnObject" classname="com.bl.MoodAnalyserTest" time="0.002"/>
  <testcase name="givenMethodParameter_WhenImProper_ShouldReturnException" classname="com.bl.MoodAnalyserTest" time="0.005"/>
  <system-out><![CDATA[]]></system-out>
  <system-err><![CDATA[java.lang.reflect.InvocationTargetException
	at sun.reflect.NativeMethodAccessorImpl.invoke0(Native Method)
	at sun.reflect.NativeMethodAccessorImpl.invoke(NativeMethodAccessorImpl.java:62)
	at sun.reflect.DelegatingMethodAccessorImpl.invoke(DelegatingMethodAccessorImpl.java:43)
	at java.lang.reflect.Method.invoke(Method.java:498)
	at com.bl.MoodAnalyserFactory.callMethod(MoodAnalyserFactory.java:47)
	at com.bl.MoodAnalyserTest.givenVariableName_WhenMessageNull_ShouldReturnMood(MoodAnalyserTest.java:139)
	at sun.reflect.NativeMethodAccessorImpl.invoke0(Native Method)
	at sun.reflect.NativeMethodAccessorImpl.invoke(NativeMethodAccessorImpl.java:62)
	at sun.reflect.DelegatingMethodAccessorImpl.invoke(DelegatingMethodAccessorImpl.java:43)
	at java.lang.reflect.Method.invoke(Method.java:498)
	at org.junit.runners.model.FrameworkMethod$1.runReflectiveCall(FrameworkMethod.java:50)
	at org.junit.internal.runners.model.ReflectiveCallable.run(ReflectiveCallable.java:12)
	at org.junit.runners.model.FrameworkMethod.invokeExplosively(FrameworkMethod.java:47)
	at org.junit.internal.runners.statements.InvokeMethod.evaluate(InvokeMethod.java:17)
	at org.junit.internal.runners.statements.RunBefores.evaluate(RunBefores.java:26)
	at org.junit.runners.ParentRunner.runLeaf(ParentRunner.java:325)
	at org.junit.runners.BlockJUnit4ClassRunner.runChild(BlockJUnit4ClassRunner.java:78)
	at org.junit.runners.BlockJUnit4ClassRunner.runChild(BlockJUnit4ClassRunner.java:57)
	at org.junit.runners.ParentRunner$3.run(ParentRunner.java:290)
	at org.junit.runners.ParentRunner$1.schedule(ParentRunner.java:71)
	at org.junit.runners.ParentRunner.runChildren(ParentRunner.java:288)
	at org.junit.runners.ParentRunner.access$000(ParentRunner.java:58)
	at org.junit.runners.ParentRunner$2.evaluate(ParentRunner.java:268)
	at org.junit.runners.ParentRunner.run(ParentRunner.java:363)
	at org.gradle.api.internal.tasks.testing.junit.JUnitTestClassExecutor.runTestClass(JUnitTestClassExecutor.java:110)
	at org.gradle.api.internal.tasks.testing.junit.JUnitTestClassExecutor.execute(JUnitTestClassExecutor.java:58)
	at org.gradle.api.internal.tasks.testing.junit.JUnitTestClassExecutor.execute(JUnitTestClassExecutor.java:38)
	at org.gradle.api.internal.tasks.testing.junit.AbstractJUnitTestClassProcessor.processTestClass(AbstractJUnitTestClassProcessor.java:62)
	at org.gradle.api.internal.tasks.testing.SuiteTestClassProcessor.processTestClass(SuiteTestClassProcessor.java:51)
	at sun.reflect.NativeMethodAccessorImpl.invoke0(Native Method)
	at sun.reflect.NativeMethodAccessorImpl.invoke(NativeMethodAccessorImpl.java:62)
	at sun.reflect.DelegatingMethodAccessorImpl.invoke(DelegatingMethodAccessorImpl.java:43)
	at java.lang.reflect.Method.invoke(Method.java:498)
	at org.gradle.internal.dispatch.ReflectionDispatch.dispatch(ReflectionDispatch.java:36)
	at org.gradle.internal.dispatch.ReflectionDispatch.dispatch(ReflectionDispatch.java:24)
	at org.gradle.internal.dispatch.ContextClassLoaderDispatch.dispatch(ContextClassLoaderDispatch.java:33)
	at org.gradle.internal.dispatch.ProxyDispatchAdapter$DispatchingInvocationHandler.invoke(ProxyDispatchAdapter.java:94)
	at com.sun.proxy.$Proxy2.processTestClass(Unknown Source)
	at org.gradle.api.internal.tasks.testing.worker.TestWorker.processTestClass(TestWorker.java:118)
	at sun.reflect.NativeMethodAccessorImpl.invoke0(Native Method)
	at sun.reflect.NativeMethodAccessorImpl.invoke(NativeMethodAccessorImpl.java:62)
	at sun.reflect.DelegatingMethodAccessorImpl.invoke(DelegatingMethodAccessorImpl.java:43)
	at java.lang.reflect.Method.invoke(Method.java:498)
	at org.gradle.internal.dispatch.ReflectionDispatch.dispatch(ReflectionDispatch.java:36)
	at org.gradle.internal.dispatch.ReflectionDispatch.dispatch(ReflectionDispatch.java:24)
	at org.gradle.internal.remote.internal.hub.MessageHubBackedObjectConnection$DispatchWrapper.dispatch(MessageHubBackedObjectConnection.java:182)
	at org.gradle.internal.remote.internal.hub.MessageHubBackedObjectConnection$DispatchWrapper.dispatch(MessageHubBackedObjectConnection.java:164)
	at org.gradle.internal.remote.internal.hub.MessageHub$Handler.run(MessageHub.java:412)
	at org.gradle.internal.concurrent.ExecutorPolicy$CatchAndRecordFailures.onExecute(ExecutorPolicy.java:64)
	at org.gradle.internal.concurrent.ManagedExecutorImpl$1.run(ManagedExecutorImpl.java:48)
	at java.util.concurrent.ThreadPoolExecutor.runWorker(ThreadPoolExecutor.java:1149)
	at java.util.concurrent.ThreadPoolExecutor$Worker.run(ThreadPoolExecutor.java:624)
	at org.gradle.internal.concurrent.ThreadFactoryImpl$ManagedThreadRunnable.run(ThreadFactoryImpl.java:56)
	at java.lang.Thread.run(Thread.java:748)
Caused by: com.bl.extension.MoodAnalysisException: Message is Null
	at com.bl.MoodAnalyser.analyseMood(MoodAnalyser.java:29)
	at com.bl.MoodAnalyser.analyseMood(MoodAnalyser.java:34)
	... 54 more
]]></system-err>
</testsuite>
